\BOOKMARK [0][-]{chapter.0}{Motivations - Learning Tasks on Graphs}{}% 1
\BOOKMARK [0][-]{chapter.1}{Vertex classifications and local features}{}% 2
\BOOKMARK [1][-]{section.1.1}{Property prediction for vertices}{chapter.1}% 3
\BOOKMARK [2][-]{subsection.1.1.1}{Loss Functions - MERGE \046 MOVE WITH THE STATISTIC SCRIPT}{section.1.1}% 4
\BOOKMARK [2][-]{subsection.1.1.2}{Baselines for graph learning}{section.1.1}% 5
\BOOKMARK [2][-]{subsection.1.1.3}{Local Feature Counts}{section.1.1}% 6
\BOOKMARK [2][-]{subsection.1.1.4}{Graphlet Counting}{section.1.1}% 7
\BOOKMARK [0][-]{chapter.2}{Announced Topics}{}% 8
\BOOKMARK [1][-]{section.2.1}{Link prediction}{chapter.2}% 9
\BOOKMARK [1][-]{section.2.2}{Graph classification, regression and clustering in transactional graph databases}{chapter.2}% 10
\BOOKMARK [0][-]{chapter.3}{Feature Extraction and Graph Mining}{}% 11
\BOOKMARK [0][-]{chapter.4}{Learning on Graphs and Graph Kernels}{}% 12
\BOOKMARK [1][-]{section.4.1}{Support Vector Machine \(SVM\)}{chapter.4}% 13
\BOOKMARK [1][-]{section.4.2}{Expressive power of machine learning models}{chapter.4}% 14
\BOOKMARK [1][-]{section.4.3}{Kernel of special interest: Weisfeiler-Lehman kernel}{chapter.4}% 15
\BOOKMARK [0][-]{chapter.5}{Graph Neural Networks \(GNNs\)}{}% 16
\BOOKMARK [1][-]{section.5.1}{Relationship to Weisfeiler-Lehman method}{chapter.5}% 17
\BOOKMARK [1][-]{section.5.2}{Structure of GNNs}{chapter.5}% 18
\BOOKMARK [1][-]{section.5.3}{Expressive power of GNNs}{chapter.5}% 19
\BOOKMARK [0][-]{chapter.6}{Exercises}{}% 20
\BOOKMARK [1][-]{section.6.1}{Sheet 0 - Python}{chapter.6}% 21
\BOOKMARK [1][-]{section.6.2}{Sheet 1}{chapter.6}% 22
\BOOKMARK [2][-]{subsection.6.2.1}{Assignment 1a - Bias of an estimator}{section.6.2}% 23
